Flow report for plaketa
Mon Jul 13 22:43:09 2009
Quartus II Version 9.0 Build 132 02/25/2009 SJ Full Version


---------------------
; Table of Contents ;
---------------------
  1. Legal Notice
  2. Flow Summary
  3. Flow Settings
  4. Flow Non-Default Global Settings
  5. Flow Elapsed Time
  6. Flow OS Summary
  7. Flow Log



----------------
; Legal Notice ;
----------------
Copyright (C) 1991-2009 Altera Corporation
Your use of Altera Corporation's design tools, logic functions 
and other software and tools, and its AMPP partner logic 
functions, and any output files from any of the foregoing 
(including device programming or simulation files), and any 
associated documentation or information are expressly subject 
to the terms and conditions of the Altera Program License 
Subscription Agreement, Altera MegaCore Function License 
Agreement, or other applicable license agreement, including, 
without limitation, that your use is for the sole purpose of 
programming logic devices manufactured by Altera and sold by 
Altera or its authorized distributors.  Please refer to the 
applicable agreement for further details.



+-------------------------------------------------------------------------------+
; Flow Summary                                                                  ;
+------------------------------------+------------------------------------------+
; Flow Status                        ; Successful - Mon Jul 13 22:43:09 2009    ;
; Quartus II Version                 ; 9.0 Build 132 02/25/2009 SJ Full Version ;
; Revision Name                      ; plaketa                                  ;
; Top-level Entity Name              ; plaketa                                  ;
; Family                             ; Cyclone II                               ;
; Device                             ; EP2C35F672C6                             ;
; Timing Models                      ; Final                                    ;
; Met timing requirements            ; N/A                                      ;
; Total logic elements               ; 102                                      ;
;     Total combinational functions  ; 102                                      ;
;     Dedicated logic registers      ; 0                                        ;
; Total registers                    ; 0                                        ;
; Total pins                         ; 63                                       ;
; Total virtual pins                 ; 0                                        ;
; Total memory bits                  ; 0                                        ;
; Embedded Multiplier 9-bit elements ; 0                                        ;
; Total PLLs                         ; 0                                        ;
+------------------------------------+------------------------------------------+


+-----------------------------------------+
; Flow Settings                           ;
+-------------------+---------------------+
; Option            ; Setting             ;
+-------------------+---------------------+
; Start date & time ; 07/13/2009 22:43:04 ;
; Main task         ; Compilation         ;
; Revision Name     ; plaketa             ;
+-------------------+---------------------+


+----------------------------------------------------------------------------------------------------------------------------+
; Flow Non-Default Global Settings                                                                                           ;
+------------------------------------+---------------------------------------+--------------------+-------------+------------+
; Assignment Name                    ; Value                                 ; Default Value      ; Entity Name ; Section Id ;
+------------------------------------+---------------------------------------+--------------------+-------------+------------+
; COMPILER_SIGNATURE_ID              ; 131205712353.124751418425838          ; --                 ; --          ; --         ;
; CYCLONEII_OPTIMIZATION_TECHNIQUE   ; Area                                  ; Balanced           ; --          ; --         ;
; FITTER_EFFORT                      ; Standard Fit                          ; Auto Fit           ; --          ; --         ;
; IP_TOOL_NAME                       ; RAM: 1-PORT                           ; --                 ; --          ; --         ;
; IP_TOOL_NAME                       ; ROM: 1-PORT                           ; --                 ; --          ; --         ;
; IP_TOOL_VERSION                    ; 9.0                                   ; --                 ; --          ; --         ;
; IP_TOOL_VERSION                    ; 9.0                                   ; --                 ; --          ; --         ;
; MAX_CORE_JUNCTION_TEMP             ; 85                                    ; --                 ; --          ; --         ;
; MIN_CORE_JUNCTION_TEMP             ; 0                                     ; --                 ; --          ; --         ;
; MISC_FILE                          ; data_memory_inst.vhd                  ; --                 ; --          ; --         ;
; MISC_FILE                          ; data_memory.cmp                       ; --                 ; --          ; --         ;
; MISC_FILE                          ; instruction_memory_inst.vhd           ; --                 ; --          ; --         ;
; MISC_FILE                          ; instruction_memory.cmp                ; --                 ; --          ; --         ;
; OPTIMIZE_MULTI_CORNER_TIMING       ; On                                    ; Off                ; --          ; --         ;
; OPTIMIZE_POWER_DURING_FITTING      ; Extra effort                          ; Normal compilation ; --          ; --         ;
; OPTIMIZE_POWER_DURING_SYNTHESIS    ; Extra effort                          ; Normal compilation ; --          ; --         ;
; PARTITION_COLOR                    ; 16764057                              ; --                 ; --          ; Top        ;
; PARTITION_NETLIST_TYPE             ; SOURCE                                ; --                 ; --          ; Top        ;
; POWER_BOARD_THERMAL_MODEL          ; None (CONSERVATIVE)                   ; --                 ; --          ; --         ;
; POWER_PRESET_COOLING_SOLUTION      ; 23 MM HEAT SINK WITH 200 LFPM AIRFLOW ; --                 ; --          ; --         ;
; USE_GENERATED_PHYSICAL_CONSTRAINTS ; Off                                   ; --                 ; --          ; eda_palace ;
+------------------------------------+---------------------------------------+--------------------+-------------+------------+


+--------------------------------------------------------------------------------------------------------------------------+
; Flow Elapsed Time                                                                                                        ;
+----------------------+--------------+-------------------------+---------------------+------------------------------------+
; Module Name          ; Elapsed Time ; Average Processors Used ; Peak Virtual Memory ; Total CPU Time (on all processors) ;
+----------------------+--------------+-------------------------+---------------------+------------------------------------+
; Analysis & Synthesis ; 00:00:04     ; 1.0                     ; --                  ; 00:00:04                           ;
; Total                ; 00:00:04     ; --                      ; --                  ; 00:00:04                           ;
+----------------------+--------------+-------------------------+---------------------+------------------------------------+


+---------------------------------------------------------------------------------+
; Flow OS Summary                                                                 ;
+----------------------+------------------+---------+------------+----------------+
; Module Name          ; Machine Hostname ; OS Name ; OS Version ; Processor type ;
+----------------------+------------------+---------+------------+----------------+
; Analysis & Synthesis ; koukosnest       ; This is ; This is    ; x86_64         ;
+----------------------+------------------+---------+------------+----------------+


------------
; Flow Log ;
------------
quartus_map --read_settings_files=on --write_settings_files=off plaketa -c plaketa



